#
# A fatal error has been detected by the Java Runtime Environment:
#
#  EXCEPTION_ACCESS_VIOLATION (0xc0000005) at pc=0x00000000635f6adf, pid=13480, tid=0x00000000000022cc
#
# JRE version: Java(TM) SE Runtime Environment (8.0_121-b13) (build 1.8.0_121-b13)
# Java VM: Java HotSpot(TM) 64-Bit Server VM (25.121-b13 mixed mode windows-amd64 compressed oops)
# Problematic frame:
# C  [msvcr100.dll+0x36adf]
#
# Failed to write core dump. Minidumps are not enabled by default on client versions of Windows
#
# If you would like to submit a bug report, please visit:
#   http://bugreport.java.com/bugreport/crash.jsp
# The crash happened outside the Java Virtual Machine in native code.
# See problematic frame for where to report the bug.
#

---------------  T H R E A D  ---------------

Current thread (0x000000001f161800):  JavaThread "Swing-Shell" daemon [_thread_in_native, id=8908, stack(0x00000000284d0000,0x00000000285d0000)]

siginfo: ExceptionCode=0xc0000005, reading address 0x0000000000000000

Registers:
RAX=0x0000000000000000, RBX=0x00000000285cf2e0, RCX=0x0000000000000000, RDX=0x000000002502a450
RSP=0x00000000285cf288, RBP=0x00000000285cf490, RSI=0x0000000000000088, RDI=0x000000001f1619f8
R8 =0x000000002502a450, R9 =0x0000000000000000, R10=0x0000000000000000, R11=0x00000000285cc4a0
R12=0x0000000000000000, R13=0x00000000253ef498, R14=0x00000000285cf4d0, R15=0x000000001f161800
RIP=0x00000000635f6adf, EFLAGS=0x0000000000010246

Top of Stack: (sp=0x00000000285cf288)
0x00000000285cf288:   00000000637a9e16 0000000000000000
0x00000000285cf298:   000000001f1619f8 0000000000000088
0x00000000285cf2a8:   000000002502a450 000000001f1619f8
0x00000000285cf2b8:   00000000637aa7d9 000000002502a450
0x00000000285cf2c8:   0000000000000000 0000000000000000
0x00000000285cf2d8:   0000000063c60073 0000000000000000
0x00000000285cf2e8:   0000000000000000 000000001f161800
0x00000000285cf2f8:   00000000ffffffff 00000000ffffffff
0x00000000285cf308:   0000000063d3c5d9 000000001f161800
0x00000000285cf318:   000000001efe3b50 0000000000000000
0x00000000285cf328:   000000000000081c 0000000000000000
0x00000000285cf338:   0000000000000000 000000001f161800
0x00000000285cf348:   0000000063c88b28 000000001f161800
0x00000000285cf358:   0000000000000000 0000000000000000
0x00000000285cf368:   0000d474a88ae358 0000000000000005
0x00000000285cf378:   000000001f161800 0000000000000001 

Instructions: (pc=0x00000000635f6adf)
0x00000000635f6abf:   99 03 00 cc 33 c0 48 8b 5c 24 40 48 8b 74 24 48
0x00000000635f6acf:   48 83 c4 30 5f c3 cc cc cc cc cc cc cc 48 8b c1
0x00000000635f6adf:   0f b7 10 48 83 c0 02 66 85 d2 75 f4 48 2b c1 48
0x00000000635f6aef:   d1 f8 48 ff c8 c3 cc cc cc cc cc cc cc 45 33 c0 


Register to memory mapping:

RAX=0x0000000000000000 is an unknown value
RBX=0x00000000285cf2e0 is pointing into the stack for thread: 0x000000001f161800
RCX=0x0000000000000000 is an unknown value
RDX=0x000000002502a450 is an unknown value
RSP=0x00000000285cf288 is pointing into the stack for thread: 0x000000001f161800
RBP=0x00000000285cf490 is pointing into the stack for thread: 0x000000001f161800
RSI=0x0000000000000088 is an unknown value
RDI=0x000000001f1619f8 is an unknown value
R8 =0x000000002502a450 is an unknown value
R9 =0x0000000000000000 is an unknown value
R10=0x0000000000000000 is an unknown value
R11=0x00000000285cc4a0 is pointing into the stack for thread: 0x000000001f161800
R12=0x0000000000000000 is an unknown value
R13={method} {0x00000000253ef4a0} 'getDisplayNameOf' '(JJI)Ljava/lang/String;' in 'sun/awt/shell/Win32ShellFolder2'
R14=0x00000000285cf4d0 is pointing into the stack for thread: 0x000000001f161800
R15=0x000000001f161800 is a thread


Stack: [0x00000000284d0000,0x00000000285d0000],  sp=0x00000000285cf288,  free space=1020k
Native frames: (J=compiled Java code, j=interpreted, Vv=VM code, C=native code)
C  [msvcr100.dll+0x36adf]

Java frames: (J=compiled Java code, j=interpreted, Vv=VM code)
j  sun.awt.shell.Win32ShellFolder2.getDisplayNameOf(JJI)Ljava/lang/String;+0
j  sun.awt.shell.Win32ShellFolder2.access$1600(JJI)Ljava/lang/String;+4
j  sun.awt.shell.Win32ShellFolder2$13.call()Ljava/lang/String;+15
j  sun.awt.shell.Win32ShellFolder2$13.call()Ljava/lang/Object;+1
j  java.util.concurrent.FutureTask.run()V+42
j  java.util.concurrent.ThreadPoolExecutor.runWorker(Ljava/util/concurrent/ThreadPoolExecutor$Worker;)V+95
j  java.util.concurrent.ThreadPoolExecutor$Worker.run()V+5
j  sun.awt.shell.Win32ShellFolderManager2$ComInvoker$3.run()V+7
j  java.lang.Thread.run()V+11
v  ~StubRoutines::call_stub

---------------  P R O C E S S  ---------------

Java Threads: ( => current thread )
=>0x000000001f161800 JavaThread "Swing-Shell" daemon [_thread_in_native, id=8908, stack(0x00000000284d0000,0x00000000285d0000)]
  0x000000001f108800 JavaThread "TimerQueue" daemon [_thread_blocked, id=888, stack(0x0000000027ea0000,0x0000000027fa0000)]
  0x000000001f0f1800 JavaThread "D3D Screen Updater" daemon [_thread_blocked, id=12888, stack(0x0000000027370000,0x0000000027470000)]
  0x000000001efed000 JavaThread "Image Fetcher 0" daemon [_thread_blocked, id=11224, stack(0x00000000250d0000,0x00000000251d0000)]
  0x0000000002580800 JavaThread "DestroyJavaVM" [_thread_blocked, id=11168, stack(0x00000000023f0000,0x00000000024f0000)]
  0x000000001ef64800 JavaThread "AWT-EventQueue-0" [_thread_blocked, id=10588, stack(0x0000000020350000,0x0000000020450000)]
  0x000000001ef55800 JavaThread "AWT-Windows" daemon [_thread_in_native, id=7940, stack(0x000000001f8f0000,0x000000001f9f0000)]
  0x000000001ef52800 JavaThread "AWT-Shutdown" [_thread_blocked, id=8608, stack(0x000000001f7f0000,0x000000001f8f0000)]
  0x000000001ef52000 JavaThread "Java2D Disposer" daemon [_thread_blocked, id=876, stack(0x000000001f6f0000,0x000000001f7f0000)]
  0x000000001e056000 JavaThread "Service Thread" daemon [_thread_blocked, id=11700, stack(0x000000001eba0000,0x000000001eca0000)]
  0x000000001dfd4000 JavaThread "C1 CompilerThread3" daemon [_thread_blocked, id=15492, stack(0x000000001eaa0000,0x000000001eba0000)]
  0x000000001dfcd000 JavaThread "C2 CompilerThread2" daemon [_thread_blocked, id=9248, stack(0x000000001e9a0000,0x000000001eaa0000)]
  0x000000001dfbb000 JavaThread "C2 CompilerThread1" daemon [_thread_blocked, id=8112, stack(0x000000001e8a0000,0x000000001e9a0000)]
  0x000000001dfb7800 JavaThread "C2 CompilerThread0" daemon [_thread_blocked, id=16104, stack(0x000000001e7a0000,0x000000001e8a0000)]
  0x000000001dfb6800 JavaThread "Attach Listener" daemon [_thread_blocked, id=12988, stack(0x000000001e6a0000,0x000000001e7a0000)]
  0x000000001c0ae800 JavaThread "Signal Dispatcher" daemon [_thread_blocked, id=15476, stack(0x000000001e5a0000,0x000000001e6a0000)]
  0x0000000002679000 JavaThread "Finalizer" daemon [_thread_blocked, id=7264, stack(0x000000001e390000,0x000000001e490000)]
  0x0000000002678000 JavaThread "Reference Handler" daemon [_thread_blocked, id=8440, stack(0x000000001de90000,0x000000001df90000)]

Other Threads:
  0x000000001c099000 VMThread [stack: 0x000000001dd90000,0x000000001de90000] [id=11176]
  0x000000001e081800 WatcherThread [stack: 0x000000001edf0000,0x000000001eef0000] [id=10736]

VM state:not at safepoint (normal execution)

VM Mutex/Monitor currently owned by a thread: None

Heap:
 PSYoungGen      total 76288K, used 14426K [0x000000076b400000, 0x0000000770900000, 0x00000007c0000000)
  eden space 65536K, 22% used [0x000000076b400000,0x000000076c216b18,0x000000076f400000)
  from space 10752K, 0% used [0x000000076fe80000,0x000000076fe80000,0x0000000770900000)
  to   space 10752K, 0% used [0x000000076f400000,0x000000076f400000,0x000000076fe80000)
 ParOldGen       total 175104K, used 0K [0x00000006c1c00000, 0x00000006cc700000, 0x000000076b400000)
  object space 175104K, 0% used [0x00000006c1c00000,0x00000006c1c00000,0x00000006cc700000)
 Metaspace       used 12681K, capacity 12834K, committed 13184K, reserved 1060864K
  class space    used 1744K, capacity 1799K, committed 1920K, reserved 1048576K

Card table byte_map: [0x0000000011a40000,0x0000000012240000] byte_map_base: 0x000000000e432000

Marking Bits: (ParMarkBitMap*) 0x00000000642bb6d0
 Begin Bits: [0x0000000012f90000, 0x0000000016f20000)
 End Bits:   [0x0000000016f20000, 0x000000001aeb0000)

Polling page: 0x0000000000af0000

CodeCache: size=245760Kb used=2615Kb max_used=2615Kb free=243144Kb
 bounds [0x0000000002680000, 0x0000000002910000, 0x0000000011680000]
 total_blobs=1187 nmethods=683 adapters=417
 compilation: enabled

Compilation events (10 events):
Event: 2.284 Thread 0x000000001dfd4000  679       3       java.util.concurrent.ThreadPoolExecutor$Worker::lock (6 bytes)
Event: 2.284 Thread 0x000000001dfd4000 nmethod 679 0x000000000290ce10 code [0x000000000290cfc0, 0x000000000290d768]
Event: 2.284 Thread 0x000000001dfd4000  680       3       java.util.concurrent.ThreadPoolExecutor$Worker::tryAcquire (20 bytes)
Event: 2.284 Thread 0x000000001dfd4000 nmethod 680 0x000000000290d9d0 code [0x000000000290db40, 0x000000000290def0]
Event: 2.284 Thread 0x000000001dfd4000  681       3       java.util.concurrent.ThreadPoolExecutor::runStateAtLeast (11 bytes)
Event: 2.285 Thread 0x000000001dfd4000 nmethod 681 0x000000000290dfd0 code [0x000000000290e120, 0x000000000290e2b0]
Event: 2.285 Thread 0x000000001dfd4000  682       1       javax.swing.plaf.basic.BasicFileChooserUI::getFileChooser (5 bytes)
Event: 2.285 Thread 0x000000001dfd4000 nmethod 682 0x000000000290e310 code [0x000000000290e460, 0x000000000290e570]
Event: 2.286 Thread 0x000000001dfd4000  683       1       java.awt.MediaEntry::getID (5 bytes)
Event: 2.286 Thread 0x000000001dfd4000 nmethod 683 0x000000000290e5d0 code [0x000000000290e720, 0x000000000290e830]

GC Heap History (0 events):
No events

Deoptimization events (5 events):
Event: 0.106 Thread 0x0000000002580800 Uncommon trap: reason=null_check action=make_not_entrant pc=0x00000000027efe5c method=java.lang.String.equals(Ljava/lang/Object;)Z @ 8
Event: 2.168 Thread 0x000000001ef64800 Uncommon trap: reason=class_check action=maybe_recompile pc=0x000000000280a918 method=java.lang.String.equals(Ljava/lang/Object;)Z @ 8
Event: 2.168 Thread 0x000000001ef64800 Uncommon trap: reason=class_check action=maybe_recompile pc=0x000000000280a918 method=java.lang.String.equals(Ljava/lang/Object;)Z @ 8
Event: 2.168 Thread 0x000000001ef64800 Uncommon trap: reason=class_check action=maybe_recompile pc=0x000000000280a918 method=java.lang.String.equals(Ljava/lang/Object;)Z @ 8
Event: 2.168 Thread 0x000000001ef64800 Uncommon trap: reason=class_check action=maybe_recompile pc=0x000000000280a918 method=java.lang.String.equals(Ljava/lang/Object;)Z @ 8

Internal exceptions (10 events):
Event: 0.040 Thread 0x0000000002580800 Exception <a 'java/io/FileNotFoundException'> (0x000000076b4605a0) thrown at [C:\re\workspace\8-2-build-windows-amd64-cygwin\jdk8u121\8372\hotspot\src\share\vm\prims\jni.cpp, line 709]
Event: 0.051 Thread 0x0000000002580800 Exception <a 'java/security/PrivilegedActionException'> (0x000000076b48cc60) thrown at [C:\re\workspace\8-2-build-windows-amd64-cygwin\jdk8u121\8372\hotspot\src\share\vm\prims\jvm.cpp, line 1390]
Event: 0.051 Thread 0x0000000002580800 Exception <a 'java/security/PrivilegedActionException'> (0x000000076b48ce70) thrown at [C:\re\workspace\8-2-build-windows-amd64-cygwin\jdk8u121\8372\hotspot\src\share\vm\prims\jvm.cpp, line 1390]
Event: 0.052 Thread 0x0000000002580800 Exception <a 'java/security/PrivilegedActionException'> (0x000000076b490ae0) thrown at [C:\re\workspace\8-2-build-windows-amd64-cygwin\jdk8u121\8372\hotspot\src\share\vm\prims\jvm.cpp, line 1390]
Event: 0.052 Thread 0x0000000002580800 Exception <a 'java/security/PrivilegedActionException'> (0x000000076b490cf0) thrown at [C:\re\workspace\8-2-build-windows-amd64-cygwin\jdk8u121\8372\hotspot\src\share\vm\prims\jvm.cpp, line 1390]
Event: 0.054 Thread 0x0000000002580800 Exception <a 'java/io/FileNotFoundException'> (0x000000076b493d80) thrown at [C:\re\workspace\8-2-build-windows-amd64-cygwin\jdk8u121\8372\hotspot\src\share\vm\prims\jni.cpp, line 709]
Event: 0.074 Thread 0x0000000002580800 Exception <a 'java/lang/NoSuchFieldError': method resolution failed> (0x000000076b6a9168) thrown at [C:\re\workspace\8-2-build-windows-amd64-cygwin\jdk8u121\8372\hotspot\src\share\vm\prims\methodHandles.cpp, line 1146]
Event: 0.075 Thread 0x0000000002580800 Exception <a 'java/lang/NoSuchFieldError': method resolution failed> (0x000000076b6b6538) thrown at [C:\re\workspace\8-2-build-windows-amd64-cygwin\jdk8u121\8372\hotspot\src\share\vm\prims\methodHandles.cpp, line 1146]
Event: 0.106 Thread 0x0000000002580800 Implicit null exception at 0x00000000027efc66 to 0x00000000027efe4d
Event: 0.107 Thread 0x0000000002580800 Exception <a 'java/io/FileNotFoundException'> (0x000000076b767490) thrown at [C:\re\workspace\8-2-build-windows-amd64-cygwin\jdk8u121\8372\hotspot\src\share\vm\prims\jni.cpp, line 709]

Events (10 events):
Event: 2.178 loading class sun/awt/shell/Win32ShellFolder2$ColumnComparator
Event: 2.178 loading class sun/awt/shell/Win32ShellFolder2$ColumnComparator done
Event: 2.179 loading class sun/awt/shell/Win32ShellFolder2$9
Event: 2.179 loading class sun/awt/shell/Win32ShellFolder2$9 done
Event: 2.179 loading class sun/awt/shell/Win32ShellFolder2$5
Event: 2.179 loading class sun/awt/shell/Win32ShellFolder2$5 done
Event: 2.225 loading class sun/awt/shell/Win32ShellFolder2$18
Event: 2.225 loading class sun/awt/shell/Win32ShellFolder2$18 done
Event: 2.225 loading class sun/awt/shell/Win32ShellFolder2$ColumnComparator$1
Event: 2.225 loading class sun/awt/shell/Win32ShellFolder2$ColumnComparator$1 done


Dynamic libraries:
0x00007ff6fd2a0000 - 0x00007ff6fd2d7000 	E:\Program Files\Java\jre1.8.0_121\bin\javaw.exe
0x00007ff96eaa0000 - 0x00007ff96ec7b000 	C:\Windows\SYSTEM32\ntdll.dll
0x00007ff96c710000 - 0x00007ff96c7be000 	C:\Windows\System32\KERNEL32.DLL
0x00007ff96ba80000 - 0x00007ff96bcc9000 	C:\Windows\System32\KERNELBASE.dll
0x00007ff96c330000 - 0x00007ff96c3d1000 	C:\Windows\System32\ADVAPI32.dll
0x00007ff96c530000 - 0x00007ff96c5cd000 	C:\Windows\System32\msvcrt.dll
0x00007ff96c5e0000 - 0x00007ff96c639000 	C:\Windows\System32\sechost.dll
0x00007ff96cb80000 - 0x00007ff96cca5000 	C:\Windows\System32\RPCRT4.dll
0x00007ff96c3e0000 - 0x00007ff96c52a000 	C:\Windows\System32\USER32.dll
0x00007ff96b770000 - 0x00007ff96b78e000 	C:\Windows\System32\win32u.dll
0x00007ff96c7c0000 - 0x00007ff96c7e7000 	C:\Windows\System32\GDI32.dll
0x00007ff96be70000 - 0x00007ff96bff9000 	C:\Windows\System32\gdi32full.dll
0x00007ff96bdd0000 - 0x00007ff96be6a000 	C:\Windows\System32\msvcp_win.dll
0x00007ff96bcd0000 - 0x00007ff96bdc6000 	C:\Windows\System32\ucrtbase.dll
0x00007ff95ea90000 - 0x00007ff95ecf7000 	C:\Windows\WinSxS\amd64_microsoft.windows.common-controls_6595b64144ccf1df_6.0.15063.0_none_108e4f62dfe5d999\COMCTL32.dll
0x00007ff96c000000 - 0x00007ff96c2f9000 	C:\Windows\System32\combase.dll
0x00007ff96ba10000 - 0x00007ff96ba7a000 	C:\Windows\System32\bcryptPrimitives.dll
0x00007ff96c300000 - 0x00007ff96c32d000 	C:\Windows\System32\IMM32.DLL
0x00000000635c0000 - 0x0000000063692000 	E:\Program Files\Java\jre1.8.0_121\bin\msvcr100.dll
0x0000000063aa0000 - 0x000000006433b000 	E:\Program Files\Java\jre1.8.0_121\bin\server\jvm.dll
0x00007ff96c5d0000 - 0x00007ff96c5d8000 	C:\Windows\System32\PSAPI.DLL
0x00007ff95ca20000 - 0x00007ff95ca29000 	C:\Windows\SYSTEM32\WSOCK32.dll
0x00007ff969340000 - 0x00007ff969363000 	C:\Windows\SYSTEM32\WINMM.dll
0x00007ff965ed0000 - 0x00007ff965eda000 	C:\Windows\SYSTEM32\VERSION.dll
0x00007ff96d350000 - 0x00007ff96d3bc000 	C:\Windows\System32\WS2_32.dll
0x00007ff9692e0000 - 0x00007ff96930b000 	C:\Windows\SYSTEM32\WINMMBASE.dll
0x00007ff96b720000 - 0x00007ff96b769000 	C:\Windows\System32\cfgmgr32.dll
0x00000000639b0000 - 0x00000000639bf000 	E:\Program Files\Java\jre1.8.0_121\bin\verify.dll
0x0000000063980000 - 0x00000000639a9000 	E:\Program Files\Java\jre1.8.0_121\bin\java.dll
0x0000000063960000 - 0x0000000063976000 	E:\Program Files\Java\jre1.8.0_121\bin\zip.dll
0x00007ff96d3c0000 - 0x00007ff96e7f7000 	C:\Windows\System32\SHELL32.dll
0x00007ff96c650000 - 0x00007ff96c6fa000 	C:\Windows\System32\shcore.dll
0x00007ff96b020000 - 0x00007ff96b712000 	C:\Windows\System32\windows.storage.dll
0x00007ff96e800000 - 0x00007ff96e851000 	C:\Windows\System32\shlwapi.dll
0x00007ff96afa0000 - 0x00007ff96afb1000 	C:\Windows\System32\kernel.appcore.dll
0x00007ff96af10000 - 0x00007ff96af5c000 	C:\Windows\System32\powrprof.dll
0x00007ff96af60000 - 0x00007ff96af75000 	C:\Windows\System32\profapi.dll
0x0000000063740000 - 0x00000000638d8000 	E:\Program Files\Java\jre1.8.0_121\bin\awt.dll
0x00007ff96e9c0000 - 0x00007ff96ea7f000 	C:\Windows\System32\OLEAUT32.dll
0x00007ff9695d0000 - 0x00007ff96964e000 	C:\Windows\SYSTEM32\apphelp.dll
0x00007ff969730000 - 0x00007ff9697c5000 	C:\Windows\system32\uxtheme.dll
0x00007ff96ca10000 - 0x00007ff96cb76000 	C:\Windows\System32\MSCTF.dll
0x00007ff9680b0000 - 0x00007ff9680da000 	C:\Windows\system32\dwmapi.dll
0x00007ff96ccb0000 - 0x00007ff96cdf4000 	C:\Windows\System32\ole32.dll
0x00007ff94d310000 - 0x00007ff94d431000 	C:\Windows\system32\opengl32.dll
0x00007ff955de0000 - 0x00007ff955e0c000 	C:\Windows\SYSTEM32\GLU32.dll
0x00007ff93f480000 - 0x00007ff93f609000 	C:\Windows\system32\d3d9.dll
0x00007ff963e80000 - 0x00007ff963f5f000 	C:\Windows\System32\DriverStore\FileRepository\nv_dispi.inf_amd64_274d0ab8ee30c459\nvldumdx.dll
0x00007ff96b790000 - 0x00007ff96b959000 	C:\Windows\System32\crypt32.dll
0x00007ff96af80000 - 0x00007ff96af91000 	C:\Windows\System32\MSASN1.dll
0x00007ff96afc0000 - 0x00007ff96b016000 	C:\Windows\System32\WINTRUST.DLL
0x00007ff96ea80000 - 0x00007ff96ea9d000 	C:\Windows\System32\imagehlp.dll
0x00007ff96a960000 - 0x00007ff96a977000 	C:\Windows\SYSTEM32\CRYPTSP.dll
0x00007ff96a3e0000 - 0x00007ff96a414000 	C:\Windows\system32\rsaenh.dll
0x00007ff96aad0000 - 0x00007ff96aaf5000 	C:\Windows\SYSTEM32\bcrypt.dll
0x00007ff96a980000 - 0x00007ff96a98b000 	C:\Windows\SYSTEM32\CRYPTBASE.dll
0x00007ff91ae30000 - 0x00007ff91be44000 	C:\Windows\System32\DriverStore\FileRepository\nv_dispi.inf_amd64_274d0ab8ee30c459\nvd3dumx.dll
0x00007ff95f2d0000 - 0x00007ff95f4a1000 	C:\Windows\system32\nvspcap64.dll
0x00007ff96cf10000 - 0x00007ff96d34b000 	C:\Windows\System32\SETUPAPI.dll
0x00007ff9672f0000 - 0x00007ff9673c7000 	C:\Windows\SYSTEM32\WINHTTP.dll
0x00007ff967e90000 - 0x00007ff967ea3000 	C:\Windows\SYSTEM32\WTSAPI32.dll
0x00007ff95f530000 - 0x00007ff95f94f000 	C:\Windows\system32\nvapi64.dll
0x00007ff969d80000 - 0x00007ff969e24000 	C:\Windows\SYSTEM32\dxgi.dll
0x00007ff969970000 - 0x00007ff969998000 	C:\Windows\SYSTEM32\DEVOBJ.dll
0x00007ff965070000 - 0x00007ff965157000 	C:\Program Files (x86)\NVIDIA Corporation\3D Vision\nvSCPAPI64.dll
0x00000000636f0000 - 0x0000000063737000 	E:\Program Files\Java\jre1.8.0_121\bin\fontmanager.dll
0x0000000063940000 - 0x000000006395a000 	E:\Program Files\Java\jre1.8.0_121\bin\net.dll
0x00007ff96a7c0000 - 0x00007ff96a81c000 	C:\Windows\system32\mswsock.dll
0x0000000063920000 - 0x0000000063931000 	E:\Program Files\Java\jre1.8.0_121\bin\nio.dll
0x00007ff96e860000 - 0x00007ff96e8fe000 	C:\Windows\System32\clbcatq.dll
0x00007ff966b30000 - 0x00007ff966cdc000 	C:\Windows\SYSTEM32\WindowsCodecs.dll
0x00007ff955b20000 - 0x00007ff955b67000 	C:\Windows\system32\dataexchange.dll
0x00007ff968530000 - 0x00007ff96880f000 	C:\Windows\system32\d3d11.dll
0x00007ff968ed0000 - 0x00007ff968ff2000 	C:\Windows\system32\dcomp.dll
0x00007ff969800000 - 0x00007ff969970000 	C:\Windows\system32\twinapi.appcore.dll
0x00000000636a0000 - 0x00000000636e2000 	E:\Program Files\Java\jre1.8.0_121\bin\t2k.dll
0x00007ff963df0000 - 0x00007ff963e72000 	C:\Windows\System32\TextInputFramework.dll
0x00007ff968de0000 - 0x00007ff968ec3000 	C:\Windows\System32\CoreMessaging.dll
0x00007ff966460000 - 0x00007ff966732000 	C:\Windows\System32\CoreUIComponents.dll
0x00007ff96a210000 - 0x00007ff96a241000 	C:\Windows\SYSTEM32\ntmarta.dll
0x00007ff966740000 - 0x00007ff966879000 	C:\Windows\SYSTEM32\wintypes.dll
0x00007ff967bf0000 - 0x00007ff967c05000 	C:\Windows\SYSTEM32\usermgrcli.dll
0x00007ff9657e0000 - 0x00007ff965886000 	C:\Windows\WinSxS\amd64_microsoft.windows.common-controls_6595b64144ccf1df_5.82.15063.0_none_43a14f3b47f396e6\comctl32.dll
0x00007ff967eb0000 - 0x00007ff968046000 	C:\Windows\system32\propsys.dll
0x00007ff94cac0000 - 0x00007ff94cbe7000 	C:\Windows\system32\NetworkExplorer.dll
0x00007ff962130000 - 0x00007ff962661000 	C:\Windows\System32\OneCoreUAPCommonProxyStub.dll
0x00007ff9552b0000 - 0x00007ff955307000 	C:\Windows\System32\thumbcache.dll
0x00007ff962f80000 - 0x00007ff962fa7000 	C:\Windows\System32\IDStore.dll
0x00007ff968080000 - 0x00007ff9680a3000 	C:\Windows\System32\SAMLIB.dll
0x00007ff94da70000 - 0x00007ff94db1c000 	C:\Windows\System32\wlidprov.dll
0x00007ff964cc0000 - 0x00007ff964cd8000 	C:\Windows\System32\samcli.dll
0x00007ff95f180000 - 0x00007ff95f19b000 	C:\Windows\SYSTEM32\MPR.dll
0x00007ff963930000 - 0x00007ff96393b000 	C:\Windows\System32\drprov.dll
0x00007ff96a9c0000 - 0x00007ff96aa15000 	C:\Windows\System32\WINSTA.dll
0x00007ff963910000 - 0x00007ff963926000 	C:\Windows\System32\ntlanman.dll
0x00007ff963730000 - 0x00007ff963750000 	C:\Windows\System32\davclnt.dll
0x00007ff963620000 - 0x00007ff96362c000 	C:\Windows\System32\DAVHLPR.dll
0x00007ff965c40000 - 0x00007ff965c56000 	C:\Windows\System32\wkscli.dll
0x00007ff95a660000 - 0x00007ff95a672000 	C:\Windows\SYSTEM32\cscapi.dll
0x00007ff96a650000 - 0x00007ff96a65d000 	C:\Windows\System32\netutils.dll
0x00007ff95a770000 - 0x00007ff95a7ba000 	C:\Windows\System32\dlnashext.dll
0x00007ff959600000 - 0x00007ff95966d000 	C:\Windows\System32\PlayToDevice.dll
0x00007ff9386d0000 - 0x00007ff9386ee000 	C:\Windows\System32\DevDispItemProvider.dll
0x00007ff965300000 - 0x00007ff965367000 	C:\Windows\System32\MMDevApi.dll
0x00007ff938c10000 - 0x00007ff938def000 	C:\Windows\system32\wpdshext.dll
0x00007ff964590000 - 0x00007ff964725000 	C:\Windows\WinSxS\amd64_microsoft.windows.gdiplus_6595b64144ccf1df_1.1.15063.0_none_9055be80f37df5c1\gdiplus.dll
0x00007ff95ac20000 - 0x00007ff95acbc000 	C:\Windows\System32\PortableDeviceApi.dll
0x00007ff9647e0000 - 0x00007ff964811000 	C:\Windows\System32\PortableDeviceTypes.dll
0x00007ff94cfb0000 - 0x00007ff94cfe6000 	C:\Windows\System32\EhStorShell.dll
0x00007ff959860000 - 0x00007ff959885000 	C:\Windows\System32\EhStorAPI.dll
0x00007ff9599d0000 - 0x00007ff9599e0000 	C:\Windows\SYSTEM32\LINKINFO.dll
0x00007ff948d10000 - 0x00007ff948f22000 	C:\Users\jotaj\AppData\Local\Microsoft\OneDrive\17.3.6816.0313\amd64\FileSyncShell64.dll
0x00007ff94d260000 - 0x00007ff94d306000 	C:\Users\jotaj\AppData\Local\Microsoft\OneDrive\17.3.6816.0313\amd64\MSVCP120.dll
0x00007ff9575a0000 - 0x00007ff9578ce000 	C:\Windows\SYSTEM32\WININET.dll
0x00007ff94b6e0000 - 0x00007ff94b7cf000 	C:\Users\jotaj\AppData\Local\Microsoft\OneDrive\17.3.6816.0313\amd64\MSVCR120.dll
0x00007ff94f670000 - 0x00007ff94f68f000 	C:\Users\jotaj\AppData\Local\Microsoft\OneDrive\17.3.6816.0313\amd64\LoggingPlatform64.DLL
0x00007ff948890000 - 0x00007ff948b7e000 	C:\Program Files\Microsoft Office\root\Office16\GROOVEEX.DLL
0x00007ff959b70000 - 0x00007ff959c0c000 	C:\Windows\SYSTEM32\MSVCP140.dll
0x00007ff95b030000 - 0x00007ff95b046000 	C:\Windows\SYSTEM32\VCRUNTIME140.dll
0x00007ff9578d0000 - 0x00007ff957cb4000 	C:\Windows\SYSTEM32\msi.dll
0x0000000029120000 - 0x00000000299ae000 	C:\Program Files\Microsoft Office\root\Office16\3082\GrooveIntlResource.dll
0x00007ff95a680000 - 0x00007ff95a68c000 	C:\Windows\SYSTEM32\Secur32.dll
0x00007ff96ae10000 - 0x00007ff96ae40000 	C:\Windows\SYSTEM32\SSPICLI.DLL
0x00007ff95ae10000 - 0x00007ff95afb9000 	C:\Windows\SYSTEM32\dbghelp.dll

VM Arguments:
jvm_args: -Dfile.encoding=Cp1252 
java_command: download.MainWindow
java_class_path (initial): D:\Documentos\GitHub\ez-music\java\ez-music\bin;D:\Documentos\GitHub\ez-music\java\ez-music\commons-io-2.5.jar;D:\Documentos\GitHub\ez-music\java\ez-music\java-json.jar;D:\Documentos\GitHub\ez-music\java\ez-music\javax.json-api-1.0.jar;D:\Documentos\GitHub\ez-music\java\ez-music\gdata-core-1.0.jar;D:\Documentos\GitHub\ez-music\java\ez-music\gdata-client-1.0.jar;D:\Documentos\GitHub\ez-music\java\ez-music\gdata-media-1.0.jar;D:\Documentos\GitHub\ez-music\java\ez-music\gdata-youtube-2.0.jar;D:\Documentos\GitHub\ez-music\java\ez-music\mail.jar;D:\Documentos\GitHub\ez-music\java\ez-music\guava-21.0.jar
Launcher Type: SUN_STANDARD

Environment Variables:
PATH=E:/Program Files/Java/jre1.8.0_121/bin/server;E:/Program Files/Java/jre1.8.0_121/bin;E:/Program Files/Java/jre1.8.0_121/lib/amd64;C:\Python27\Lib\site-packages\PyQt4;C:\ProgramData\Oracle\Java\javapath;C:\Windows\system32;C:\Windows;C:\Windows\System32\Wbem;C:\Windows\System32\WindowsPowerShell\v1.0\;C:\Program Files (x86)\NVIDIA Corporation\PhysX\Common;E:\Program Files (x86)\WinSCP\;E:\Program Files\PuTTY\;E:\Program Files (x86)\Minimal ADB and Fastboot;E:\Program Files\FileBot\;C:\Program Files\Calibre2\;C:\Program Files\Git\cmd;C:\Program Files (x86)\GtkSharp\2.12\bin;C:\Python27;C:\Python27\Scripts;D:\Escritorio\ffmpeg-20170404-1229007-win64-static\bin;C:\Program Files (x86)\Skype\Phone\;C:\Users\jotaj\AppData\Local\Microsoft\WindowsApps;C:\Users\jotaj\AppData\Local\atom\bin;C:\Python27;C:\Python27\Scripts;;C:\Windows\System32;
USERNAME=jotaj
OS=Windows_NT
PROCESSOR_IDENTIFIER=Intel64 Family 6 Model 60 Stepping 3, GenuineIntel



---------------  S Y S T E M  ---------------

OS: Windows 10.0 , 64 bit Build 15063 (10.0.15063.0)

CPU:total 8 (4 cores per cpu, 2 threads per core) family 6 model 60 stepping 3, cmov, cx8, fxsr, mmx, sse, sse2, sse3, ssse3, sse4.1, sse4.2, popcnt, avx, avx2, aes, clmul, erms, lzcnt, ht, tsc, tscinvbit, bmi1, bmi2

Memory: 4k page, physical 16662268k(9380728k free), swap 19152636k(8241476k free)

vm_info: Java HotSpot(TM) 64-Bit Server VM (25.121-b13) for windows-amd64 JRE (1.8.0_121-b13), built on Dec 12 2016 18:21:36 by "java_re" with MS VC++ 10.0 (VS2010)

time: Tue May 02 23:58:35 2017
elapsed time: 2 seconds (0d 0h 0m 2s)

