#
# A fatal error has been detected by the Java Runtime Environment:
#
#  EXCEPTION_ACCESS_VIOLATION (0xc0000005) at pc=0x00000000635f6adf, pid=11964, tid=0x0000000000000fc4
#
# JRE version: Java(TM) SE Runtime Environment (8.0_121-b13) (build 1.8.0_121-b13)
# Java VM: Java HotSpot(TM) 64-Bit Server VM (25.121-b13 mixed mode windows-amd64 compressed oops)
# Problematic frame:
# C  [msvcr100.dll+0x36adf]
#
# Failed to write core dump. Minidumps are not enabled by default on client versions of Windows
#
# If you would like to submit a bug report, please visit:
#   http://bugreport.java.com/bugreport/crash.jsp
# The crash happened outside the Java Virtual Machine in native code.
# See problematic frame for where to report the bug.
#

---------------  T H R E A D  ---------------

Current thread (0x000000001fedc800):  JavaThread "Swing-Shell" daemon [_thread_in_native, id=4036, stack(0x00000000290a0000,0x00000000291a0000)]

siginfo: ExceptionCode=0xc0000005, reading address 0x0000000000000000

Registers:
RAX=0x0000000000000000, RBX=0x000000002919efd0, RCX=0x0000000000000000, RDX=0x0000000025bdf9a0
RSP=0x000000002919ef78, RBP=0x000000002919f180, RSI=0x000000000000008b, RDI=0x000000001fedc9f8
R8 =0x0000000025bdf9a0, R9 =0x0000000000000000, R10=0x0000000000000000, R11=0x000000002919c190
R12=0x0000000000000000, R13=0x0000000028ebdcb0, R14=0x000000002919f1c0, R15=0x000000001fedc800
RIP=0x00000000635f6adf, EFLAGS=0x0000000000010246

Top of Stack: (sp=0x000000002919ef78)
0x000000002919ef78:   00000000637a9e16 0000000000000000
0x000000002919ef88:   000000001fedc9f8 000000000000008b
0x000000002919ef98:   0000000025bdf9a0 000000001fedc9f8
0x000000002919efa8:   00000000637aa7d9 0000000025bdf9a0
0x000000002919efb8:   0000000063cb7295 0000000000000000
0x000000002919efc8:   0000000000000000 0000000000000000
0x000000002919efd8:   0000000000000000 0000000000000000
0x000000002919efe8:   0000000063c60073 000000001fa33db0
0x000000002919eff8:   0000000000000002 000000001fedc800
0x000000002919f008:   00000000ffffffff 00000000ffffffff
0x000000002919f018:   0000000063d3c5d9 000000001fedc800
0x000000002919f028:   000000001ee0bf30 0000000000000000
0x000000002919f038:   000000000000081c 000000076c089c00
0x000000002919f048:   0000000000000000 000000002919f2b0
0x000000002919f058:   0000000003374bb4 000000001fedc800
0x000000002919f068:   0000000000000000 0000000000000000 

Instructions: (pc=0x00000000635f6adf)
0x00000000635f6abf:   99 03 00 cc 33 c0 48 8b 5c 24 40 48 8b 74 24 48
0x00000000635f6acf:   48 83 c4 30 5f c3 cc cc cc cc cc cc cc 48 8b c1
0x00000000635f6adf:   0f b7 10 48 83 c0 02 66 85 d2 75 f4 48 2b c1 48
0x00000000635f6aef:   d1 f8 48 ff c8 c3 cc cc cc cc cc cc cc 45 33 c0 


Register to memory mapping:

RAX=0x0000000000000000 is an unknown value
RBX=0x000000002919efd0 is pointing into the stack for thread: 0x000000001fedc800
RCX=0x0000000000000000 is an unknown value
RDX=0x0000000025bdf9a0 is an unknown value
RSP=0x000000002919ef78 is pointing into the stack for thread: 0x000000001fedc800
RBP=0x000000002919f180 is pointing into the stack for thread: 0x000000001fedc800
RSI=0x000000000000008b is an unknown value
RDI=0x000000001fedc9f8 is an unknown value
R8 =0x0000000025bdf9a0 is an unknown value
R9 =0x0000000000000000 is an unknown value
R10=0x0000000000000000 is an unknown value
R11=0x000000002919c190 is pointing into the stack for thread: 0x000000001fedc800
R12=0x0000000000000000 is an unknown value
R13={method} {0x0000000028ebdcb8} 'getDisplayNameOf' '(JJI)Ljava/lang/String;' in 'sun/awt/shell/Win32ShellFolder2'
R14=0x000000002919f1c0 is pointing into the stack for thread: 0x000000001fedc800
R15=0x000000001fedc800 is a thread


Stack: [0x00000000290a0000,0x00000000291a0000],  sp=0x000000002919ef78,  free space=1019k
Native frames: (J=compiled Java code, j=interpreted, Vv=VM code, C=native code)
C  [msvcr100.dll+0x36adf]

Java frames: (J=compiled Java code, j=interpreted, Vv=VM code)
j  sun.awt.shell.Win32ShellFolder2.getDisplayNameOf(JJI)Ljava/lang/String;+0
j  sun.awt.shell.Win32ShellFolder2.access$1600(JJI)Ljava/lang/String;+4
j  sun.awt.shell.Win32ShellFolder2$13.call()Ljava/lang/String;+15
j  sun.awt.shell.Win32ShellFolder2$13.call()Ljava/lang/Object;+1
j  java.util.concurrent.FutureTask.run()V+42
j  java.util.concurrent.ThreadPoolExecutor.runWorker(Ljava/util/concurrent/ThreadPoolExecutor$Worker;)V+95
j  java.util.concurrent.ThreadPoolExecutor$Worker.run()V+5
j  sun.awt.shell.Win32ShellFolderManager2$ComInvoker$3.run()V+7
j  java.lang.Thread.run()V+11
v  ~StubRoutines::call_stub

---------------  P R O C E S S  ---------------

Java Threads: ( => current thread )
=>0x000000001fedc800 JavaThread "Swing-Shell" daemon [_thread_in_native, id=4036, stack(0x00000000290a0000,0x00000000291a0000)]
  0x000000001fb82000 JavaThread "TimerQueue" daemon [_thread_blocked, id=9652, stack(0x0000000028ba0000,0x0000000028ca0000)]
  0x000000001fb62000 JavaThread "D3D Screen Updater" daemon [_thread_blocked, id=7836, stack(0x0000000028090000,0x0000000028190000)]
  0x000000001fa19000 JavaThread "Image Fetcher 0" daemon [_thread_blocked, id=12292, stack(0x0000000026060000,0x0000000026160000)]
  0x0000000003030800 JavaThread "DestroyJavaVM" [_thread_blocked, id=8364, stack(0x0000000002f30000,0x0000000003030000)]
  0x000000001ede8800 JavaThread "AWT-EventQueue-0" [_thread_blocked, id=3916, stack(0x0000000020e50000,0x0000000020f50000)]
  0x000000001edd6000 JavaThread "AWT-Windows" daemon [_thread_in_native, id=4928, stack(0x0000000020370000,0x0000000020470000)]
  0x000000001edd3000 JavaThread "AWT-Shutdown" [_thread_blocked, id=13516, stack(0x0000000020270000,0x0000000020370000)]
  0x000000001f9b3800 JavaThread "Java2D Disposer" daemon [_thread_blocked, id=14984, stack(0x0000000020170000,0x0000000020270000)]
  0x000000001eacd800 JavaThread "Service Thread" daemon [_thread_blocked, id=9136, stack(0x000000001f620000,0x000000001f720000)]
  0x000000001ea4d800 JavaThread "C1 CompilerThread3" daemon [_thread_blocked, id=15668, stack(0x000000001f520000,0x000000001f620000)]
  0x000000001ea3e800 JavaThread "C2 CompilerThread2" daemon [_thread_blocked, id=16356, stack(0x000000001f420000,0x000000001f520000)]
  0x000000001ea3c800 JavaThread "C2 CompilerThread1" daemon [_thread_blocked, id=16332, stack(0x000000001f320000,0x000000001f420000)]
  0x000000001ea39000 JavaThread "C2 CompilerThread0" daemon [_thread_blocked, id=3036, stack(0x000000001f220000,0x000000001f320000)]
  0x000000001ea38000 JavaThread "Attach Listener" daemon [_thread_blocked, id=8452, stack(0x000000001f120000,0x000000001f220000)]
  0x000000001ea37000 JavaThread "Signal Dispatcher" daemon [_thread_blocked, id=13980, stack(0x000000001f020000,0x000000001f120000)]
  0x0000000003129800 JavaThread "Finalizer" daemon [_thread_blocked, id=16240, stack(0x000000001ee10000,0x000000001ef10000)]
  0x0000000003128000 JavaThread "Reference Handler" daemon [_thread_blocked, id=4100, stack(0x000000001e910000,0x000000001ea10000)]

Other Threads:
  0x000000001cb49800 VMThread [stack: 0x000000001e810000,0x000000001e910000] [id=2904]
  0x000000001eb04000 WatcherThread [stack: 0x000000001f870000,0x000000001f970000] [id=15504]

VM state:not at safepoint (normal execution)

VM Mutex/Monitor currently owned by a thread: None

Heap:
 PSYoungGen      total 76288K, used 15729K [0x000000076b400000, 0x0000000770900000, 0x00000007c0000000)
  eden space 65536K, 24% used [0x000000076b400000,0x000000076c35c568,0x000000076f400000)
  from space 10752K, 0% used [0x000000076fe80000,0x000000076fe80000,0x0000000770900000)
  to   space 10752K, 0% used [0x000000076f400000,0x000000076f400000,0x000000076fe80000)
 ParOldGen       total 175104K, used 0K [0x00000006c1c00000, 0x00000006cc700000, 0x000000076b400000)
  object space 175104K, 0% used [0x00000006c1c00000,0x00000006c1c00000,0x00000006cc700000)
 Metaspace       used 13036K, capacity 13194K, committed 13440K, reserved 1060864K
  class space    used 1778K, capacity 1833K, committed 1920K, reserved 1048576K

Card table byte_map: [0x00000000124f0000,0x0000000012cf0000] byte_map_base: 0x000000000eee2000

Marking Bits: (ParMarkBitMap*) 0x00000000642bb6d0
 Begin Bits: [0x0000000013a40000, 0x00000000179d0000)
 End Bits:   [0x00000000179d0000, 0x000000001b960000)

Polling page: 0x0000000002e60000

CodeCache: size=245760Kb used=3365Kb max_used=3376Kb free=242394Kb
 bounds [0x0000000003130000, 0x0000000003480000, 0x0000000012130000]
 total_blobs=1459 nmethods=954 adapters=418
 compilation: enabled

Compilation events (10 events):
Event: 3.717 Thread 0x000000001ea4d800  950       1       javax.swing.plaf.basic.BasicFileChooserUI::getFileChooser (5 bytes)
Event: 3.717 Thread 0x000000001ea4d800 nmethod 950 0x00000000034796d0 code [0x0000000003479820, 0x0000000003479930]
Event: 3.718 Thread 0x000000001ea3c800  951       4       java.util.concurrent.locks.ReentrantLock::lock (8 bytes)
Event: 3.718 Thread 0x000000001ea3e800  952       4       java.util.concurrent.locks.ReentrantLock$NonfairSync::lock (25 bytes)
Event: 3.718 Thread 0x000000001ea4d800  954       3       java.awt.Insets::<init> (26 bytes)
Event: 3.718 Thread 0x000000001ea4d800 nmethod 954 0x0000000003479990 code [0x0000000003479ae0, 0x0000000003479c90]
Event: 3.718 Thread 0x000000001ea4d800  953       1       java.awt.MediaEntry::getID (5 bytes)
Event: 3.718 Thread 0x000000001ea4d800 nmethod 953 0x0000000003479d50 code [0x0000000003479ea0, 0x0000000003479fb0]
Event: 3.719 Thread 0x000000001ea3e800 nmethod 952 0x000000000347cd90 code [0x000000000347cf00, 0x000000000347d088]
Event: 3.719 Thread 0x000000001ea3c800 nmethod 951 0x000000000347b350 code [0x000000000347b4c0, 0x000000000347b688]

GC Heap History (0 events):
No events

Deoptimization events (5 events):
Event: 0.119 Thread 0x0000000003030800 Uncommon trap: reason=null_check action=make_not_entrant pc=0x000000000329a99c method=java.lang.String.equals(Ljava/lang/Object;)Z @ 8
Event: 3.544 Thread 0x000000001ede8800 Uncommon trap: reason=class_check action=maybe_recompile pc=0x00000000032b24d8 method=java.lang.String.equals(Ljava/lang/Object;)Z @ 8
Event: 3.544 Thread 0x000000001ede8800 Uncommon trap: reason=class_check action=maybe_recompile pc=0x00000000032b24d8 method=java.lang.String.equals(Ljava/lang/Object;)Z @ 8
Event: 3.545 Thread 0x000000001ede8800 Uncommon trap: reason=class_check action=maybe_recompile pc=0x00000000032b24d8 method=java.lang.String.equals(Ljava/lang/Object;)Z @ 8
Event: 3.545 Thread 0x000000001ede8800 Uncommon trap: reason=class_check action=maybe_recompile pc=0x00000000032b24d8 method=java.lang.String.equals(Ljava/lang/Object;)Z @ 8

Internal exceptions (10 events):
Event: 0.052 Thread 0x0000000003030800 Exception <a 'java/io/FileNotFoundException'> (0x000000076b4605a0) thrown at [C:\re\workspace\8-2-build-windows-amd64-cygwin\jdk8u121\8372\hotspot\src\share\vm\prims\jni.cpp, line 709]
Event: 0.062 Thread 0x0000000003030800 Exception <a 'java/security/PrivilegedActionException'> (0x000000076b48cba8) thrown at [C:\re\workspace\8-2-build-windows-amd64-cygwin\jdk8u121\8372\hotspot\src\share\vm\prims\jvm.cpp, line 1390]
Event: 0.062 Thread 0x0000000003030800 Exception <a 'java/security/PrivilegedActionException'> (0x000000076b48cdb8) thrown at [C:\re\workspace\8-2-build-windows-amd64-cygwin\jdk8u121\8372\hotspot\src\share\vm\prims\jvm.cpp, line 1390]
Event: 0.063 Thread 0x0000000003030800 Exception <a 'java/security/PrivilegedActionException'> (0x000000076b490a28) thrown at [C:\re\workspace\8-2-build-windows-amd64-cygwin\jdk8u121\8372\hotspot\src\share\vm\prims\jvm.cpp, line 1390]
Event: 0.063 Thread 0x0000000003030800 Exception <a 'java/security/PrivilegedActionException'> (0x000000076b490c38) thrown at [C:\re\workspace\8-2-build-windows-amd64-cygwin\jdk8u121\8372\hotspot\src\share\vm\prims\jvm.cpp, line 1390]
Event: 0.065 Thread 0x0000000003030800 Exception <a 'java/io/FileNotFoundException'> (0x000000076b493cc8) thrown at [C:\re\workspace\8-2-build-windows-amd64-cygwin\jdk8u121\8372\hotspot\src\share\vm\prims\jni.cpp, line 709]
Event: 0.085 Thread 0x0000000003030800 Exception <a 'java/lang/NoSuchFieldError': method resolution failed> (0x000000076b6a90c8) thrown at [C:\re\workspace\8-2-build-windows-amd64-cygwin\jdk8u121\8372\hotspot\src\share\vm\prims\methodHandles.cpp, line 1146]
Event: 0.086 Thread 0x0000000003030800 Exception <a 'java/lang/NoSuchFieldError': method resolution failed> (0x000000076b6b6498) thrown at [C:\re\workspace\8-2-build-windows-amd64-cygwin\jdk8u121\8372\hotspot\src\share\vm\prims\methodHandles.cpp, line 1146]
Event: 0.119 Thread 0x0000000003030800 Implicit null exception at 0x000000000329a7a6 to 0x000000000329a98d
Event: 0.120 Thread 0x0000000003030800 Exception <a 'java/io/FileNotFoundException'> (0x000000076b767420) thrown at [C:\re\workspace\8-2-build-windows-amd64-cygwin\jdk8u121\8372\hotspot\src\share\vm\prims\jni.cpp, line 709]

Events (10 events):
Event: 3.566 loading class sun/awt/shell/Win32ShellFolder2$ColumnComparator
Event: 3.566 loading class sun/awt/shell/Win32ShellFolder2$ColumnComparator done
Event: 3.566 loading class sun/awt/shell/Win32ShellFolder2$9
Event: 3.566 loading class sun/awt/shell/Win32ShellFolder2$9 done
Event: 3.567 loading class sun/awt/shell/Win32ShellFolder2$5
Event: 3.567 loading class sun/awt/shell/Win32ShellFolder2$5 done
Event: 3.619 loading class sun/awt/shell/Win32ShellFolder2$18
Event: 3.619 loading class sun/awt/shell/Win32ShellFolder2$18 done
Event: 3.619 loading class sun/awt/shell/Win32ShellFolder2$ColumnComparator$1
Event: 3.619 loading class sun/awt/shell/Win32ShellFolder2$ColumnComparator$1 done


Dynamic libraries:
0x00007ff6fd2a0000 - 0x00007ff6fd2d7000 	E:\Program Files\Java\jre1.8.0_121\bin\javaw.exe
0x00007ff96eaa0000 - 0x00007ff96ec7b000 	C:\Windows\SYSTEM32\ntdll.dll
0x00007ff96c710000 - 0x00007ff96c7be000 	C:\Windows\System32\KERNEL32.DLL
0x00007ff96ba80000 - 0x00007ff96bcc9000 	C:\Windows\System32\KERNELBASE.dll
0x00007ff96c330000 - 0x00007ff96c3d1000 	C:\Windows\System32\ADVAPI32.dll
0x00007ff96c530000 - 0x00007ff96c5cd000 	C:\Windows\System32\msvcrt.dll
0x00007ff96c5e0000 - 0x00007ff96c639000 	C:\Windows\System32\sechost.dll
0x00007ff96cb80000 - 0x00007ff96cca5000 	C:\Windows\System32\RPCRT4.dll
0x00007ff96c3e0000 - 0x00007ff96c52a000 	C:\Windows\System32\USER32.dll
0x00007ff96b770000 - 0x00007ff96b78e000 	C:\Windows\System32\win32u.dll
0x00007ff96c7c0000 - 0x00007ff96c7e7000 	C:\Windows\System32\GDI32.dll
0x00007ff96be70000 - 0x00007ff96bff9000 	C:\Windows\System32\gdi32full.dll
0x00007ff96bdd0000 - 0x00007ff96be6a000 	C:\Windows\System32\msvcp_win.dll
0x00007ff96bcd0000 - 0x00007ff96bdc6000 	C:\Windows\System32\ucrtbase.dll
0x00007ff95ea90000 - 0x00007ff95ecf7000 	C:\Windows\WinSxS\amd64_microsoft.windows.common-controls_6595b64144ccf1df_6.0.15063.0_none_108e4f62dfe5d999\COMCTL32.dll
0x00007ff96c000000 - 0x00007ff96c2f9000 	C:\Windows\System32\combase.dll
0x00007ff96ba10000 - 0x00007ff96ba7a000 	C:\Windows\System32\bcryptPrimitives.dll
0x00007ff96c300000 - 0x00007ff96c32d000 	C:\Windows\System32\IMM32.DLL
0x00000000635c0000 - 0x0000000063692000 	E:\Program Files\Java\jre1.8.0_121\bin\msvcr100.dll
0x0000000063aa0000 - 0x000000006433b000 	E:\Program Files\Java\jre1.8.0_121\bin\server\jvm.dll
0x00007ff96c5d0000 - 0x00007ff96c5d8000 	C:\Windows\System32\PSAPI.DLL
0x00007ff969340000 - 0x00007ff969363000 	C:\Windows\SYSTEM32\WINMM.dll
0x00007ff9692e0000 - 0x00007ff96930b000 	C:\Windows\SYSTEM32\WINMMBASE.dll
0x00007ff96b720000 - 0x00007ff96b769000 	C:\Windows\System32\cfgmgr32.dll
0x00007ff95ca20000 - 0x00007ff95ca29000 	C:\Windows\SYSTEM32\WSOCK32.dll
0x00007ff96d350000 - 0x00007ff96d3bc000 	C:\Windows\System32\WS2_32.dll
0x00007ff965ed0000 - 0x00007ff965eda000 	C:\Windows\SYSTEM32\VERSION.dll
0x00000000639b0000 - 0x00000000639bf000 	E:\Program Files\Java\jre1.8.0_121\bin\verify.dll
0x0000000063980000 - 0x00000000639a9000 	E:\Program Files\Java\jre1.8.0_121\bin\java.dll
0x0000000063960000 - 0x0000000063976000 	E:\Program Files\Java\jre1.8.0_121\bin\zip.dll
0x00007ff96d3c0000 - 0x00007ff96e7f7000 	C:\Windows\System32\SHELL32.dll
0x00007ff96c650000 - 0x00007ff96c6fa000 	C:\Windows\System32\shcore.dll
0x00007ff96b020000 - 0x00007ff96b712000 	C:\Windows\System32\windows.storage.dll
0x00007ff96e800000 - 0x00007ff96e851000 	C:\Windows\System32\shlwapi.dll
0x00007ff96afa0000 - 0x00007ff96afb1000 	C:\Windows\System32\kernel.appcore.dll
0x00007ff96af10000 - 0x00007ff96af5c000 	C:\Windows\System32\powrprof.dll
0x00007ff96af60000 - 0x00007ff96af75000 	C:\Windows\System32\profapi.dll
0x0000000063740000 - 0x00000000638d8000 	E:\Program Files\Java\jre1.8.0_121\bin\awt.dll
0x00007ff96e9c0000 - 0x00007ff96ea7f000 	C:\Windows\System32\OLEAUT32.dll
0x00007ff9695d0000 - 0x00007ff96964e000 	C:\Windows\SYSTEM32\apphelp.dll
0x00007ff969730000 - 0x00007ff9697c5000 	C:\Windows\system32\uxtheme.dll
0x00007ff96ca10000 - 0x00007ff96cb76000 	C:\Windows\System32\MSCTF.dll
0x00007ff9680b0000 - 0x00007ff9680da000 	C:\Windows\system32\dwmapi.dll
0x00007ff96ccb0000 - 0x00007ff96cdf4000 	C:\Windows\System32\ole32.dll
0x00007ff94d310000 - 0x00007ff94d431000 	C:\Windows\system32\opengl32.dll
0x00007ff955de0000 - 0x00007ff955e0c000 	C:\Windows\SYSTEM32\GLU32.dll
0x00007ff93f480000 - 0x00007ff93f609000 	C:\Windows\system32\d3d9.dll
0x00007ff963e80000 - 0x00007ff963f5f000 	C:\Windows\System32\DriverStore\FileRepository\nv_dispi.inf_amd64_274d0ab8ee30c459\nvldumdx.dll
0x00007ff96b790000 - 0x00007ff96b959000 	C:\Windows\System32\crypt32.dll
0x00007ff96af80000 - 0x00007ff96af91000 	C:\Windows\System32\MSASN1.dll
0x00007ff96afc0000 - 0x00007ff96b016000 	C:\Windows\System32\WINTRUST.DLL
0x00007ff96ea80000 - 0x00007ff96ea9d000 	C:\Windows\System32\imagehlp.dll
0x00007ff96a960000 - 0x00007ff96a977000 	C:\Windows\SYSTEM32\CRYPTSP.dll
0x00007ff96a3e0000 - 0x00007ff96a414000 	C:\Windows\system32\rsaenh.dll
0x00007ff96aad0000 - 0x00007ff96aaf5000 	C:\Windows\SYSTEM32\bcrypt.dll
0x00007ff96a980000 - 0x00007ff96a98b000 	C:\Windows\SYSTEM32\CRYPTBASE.dll
0x00007ff91ae30000 - 0x00007ff91be44000 	C:\Windows\System32\DriverStore\FileRepository\nv_dispi.inf_amd64_274d0ab8ee30c459\nvd3dumx.dll
0x00007ff95f2d0000 - 0x00007ff95f4a1000 	C:\Windows\system32\nvspcap64.dll
0x00007ff96cf10000 - 0x00007ff96d34b000 	C:\Windows\System32\SETUPAPI.dll
0x00007ff9672f0000 - 0x00007ff9673c7000 	C:\Windows\SYSTEM32\WINHTTP.dll
0x00007ff967e90000 - 0x00007ff967ea3000 	C:\Windows\SYSTEM32\WTSAPI32.dll
0x00007ff95f530000 - 0x00007ff95f94f000 	C:\Windows\system32\nvapi64.dll
0x00007ff969d80000 - 0x00007ff969e24000 	C:\Windows\SYSTEM32\dxgi.dll
0x00007ff969970000 - 0x00007ff969998000 	C:\Windows\SYSTEM32\DEVOBJ.dll
0x00007ff965070000 - 0x00007ff965157000 	C:\Program Files (x86)\NVIDIA Corporation\3D Vision\nvSCPAPI64.dll
0x00000000636f0000 - 0x0000000063737000 	E:\Program Files\Java\jre1.8.0_121\bin\fontmanager.dll
0x0000000063940000 - 0x000000006395a000 	E:\Program Files\Java\jre1.8.0_121\bin\net.dll
0x00007ff96a7c0000 - 0x00007ff96a81c000 	C:\Windows\system32\mswsock.dll
0x0000000063920000 - 0x0000000063931000 	E:\Program Files\Java\jre1.8.0_121\bin\nio.dll
0x00007ff96e860000 - 0x00007ff96e8fe000 	C:\Windows\System32\clbcatq.dll
0x00007ff966b30000 - 0x00007ff966cdc000 	C:\Windows\SYSTEM32\WindowsCodecs.dll
0x00007ff955b20000 - 0x00007ff955b67000 	C:\Windows\system32\dataexchange.dll
0x00007ff968530000 - 0x00007ff96880f000 	C:\Windows\system32\d3d11.dll
0x00007ff968ed0000 - 0x00007ff968ff2000 	C:\Windows\system32\dcomp.dll
0x00007ff969800000 - 0x00007ff969970000 	C:\Windows\system32\twinapi.appcore.dll
0x00000000636a0000 - 0x00000000636e2000 	E:\Program Files\Java\jre1.8.0_121\bin\t2k.dll
0x00007ff963df0000 - 0x00007ff963e72000 	C:\Windows\System32\TextInputFramework.dll
0x00007ff968de0000 - 0x00007ff968ec3000 	C:\Windows\System32\CoreMessaging.dll
0x00007ff966460000 - 0x00007ff966732000 	C:\Windows\System32\CoreUIComponents.dll
0x00007ff96a210000 - 0x00007ff96a241000 	C:\Windows\SYSTEM32\ntmarta.dll
0x00007ff966740000 - 0x00007ff966879000 	C:\Windows\SYSTEM32\wintypes.dll
0x00007ff967bf0000 - 0x00007ff967c05000 	C:\Windows\SYSTEM32\usermgrcli.dll
0x00007ff9657e0000 - 0x00007ff965886000 	C:\Windows\WinSxS\amd64_microsoft.windows.common-controls_6595b64144ccf1df_5.82.15063.0_none_43a14f3b47f396e6\comctl32.dll
0x00007ff967eb0000 - 0x00007ff968046000 	C:\Windows\system32\propsys.dll
0x00007ff94cac0000 - 0x00007ff94cbe7000 	C:\Windows\system32\NetworkExplorer.dll
0x00007ff962130000 - 0x00007ff962661000 	C:\Windows\System32\OneCoreUAPCommonProxyStub.dll
0x00007ff9552b0000 - 0x00007ff955307000 	C:\Windows\System32\thumbcache.dll
0x00007ff964f10000 - 0x00007ff964f86000 	C:\Windows\SYSTEM32\policymanager.dll
0x00007ff964e40000 - 0x00007ff964ecf000 	C:\Windows\SYSTEM32\msvcp110_win.dll
0x00007ff962f80000 - 0x00007ff962fa7000 	C:\Windows\System32\IDStore.dll
0x00007ff968080000 - 0x00007ff9680a3000 	C:\Windows\System32\SAMLIB.dll
0x00007ff94da70000 - 0x00007ff94db1c000 	C:\Windows\System32\wlidprov.dll
0x00007ff964cc0000 - 0x00007ff964cd8000 	C:\Windows\System32\samcli.dll
0x00007ff95f180000 - 0x00007ff95f19b000 	C:\Windows\SYSTEM32\MPR.dll
0x00007ff963930000 - 0x00007ff96393b000 	C:\Windows\System32\drprov.dll
0x00007ff96a9c0000 - 0x00007ff96aa15000 	C:\Windows\System32\WINSTA.dll
0x00007ff963910000 - 0x00007ff963926000 	C:\Windows\System32\ntlanman.dll
0x00007ff963730000 - 0x00007ff963750000 	C:\Windows\System32\davclnt.dll
0x00007ff963620000 - 0x00007ff96362c000 	C:\Windows\System32\DAVHLPR.dll
0x00007ff965c40000 - 0x00007ff965c56000 	C:\Windows\System32\wkscli.dll
0x00007ff95a660000 - 0x00007ff95a672000 	C:\Windows\SYSTEM32\cscapi.dll
0x00007ff96a650000 - 0x00007ff96a65d000 	C:\Windows\System32\netutils.dll
0x00007ff95a770000 - 0x00007ff95a7ba000 	C:\Windows\System32\dlnashext.dll
0x00007ff959600000 - 0x00007ff95966d000 	C:\Windows\System32\PlayToDevice.dll
0x00007ff9386d0000 - 0x00007ff9386ee000 	C:\Windows\System32\DevDispItemProvider.dll
0x00007ff965300000 - 0x00007ff965367000 	C:\Windows\System32\MMDevApi.dll
0x00007ff938c10000 - 0x00007ff938def000 	C:\Windows\system32\wpdshext.dll
0x00007ff964590000 - 0x00007ff964725000 	C:\Windows\WinSxS\amd64_microsoft.windows.gdiplus_6595b64144ccf1df_1.1.15063.0_none_9055be80f37df5c1\gdiplus.dll
0x00007ff95ac20000 - 0x00007ff95acbc000 	C:\Windows\System32\PortableDeviceApi.dll
0x00007ff9647e0000 - 0x00007ff964811000 	C:\Windows\System32\PortableDeviceTypes.dll
0x00007ff94cfb0000 - 0x00007ff94cfe6000 	C:\Windows\System32\EhStorShell.dll
0x00007ff959860000 - 0x00007ff959885000 	C:\Windows\System32\EhStorAPI.dll
0x00007ff9599d0000 - 0x00007ff9599e0000 	C:\Windows\SYSTEM32\LINKINFO.dll
0x00007ff948d10000 - 0x00007ff948f22000 	C:\Users\jotaj\AppData\Local\Microsoft\OneDrive\17.3.6816.0313\amd64\FileSyncShell64.dll
0x00007ff94b6e0000 - 0x00007ff94b7cf000 	C:\Users\jotaj\AppData\Local\Microsoft\OneDrive\17.3.6816.0313\amd64\MSVCR120.dll
0x00007ff94f670000 - 0x00007ff94f68f000 	C:\Users\jotaj\AppData\Local\Microsoft\OneDrive\17.3.6816.0313\amd64\LoggingPlatform64.DLL
0x00007ff9575a0000 - 0x00007ff9578ce000 	C:\Windows\SYSTEM32\WININET.dll
0x00007ff94d260000 - 0x00007ff94d306000 	C:\Users\jotaj\AppData\Local\Microsoft\OneDrive\17.3.6816.0313\amd64\MSVCP120.dll
0x00007ff948890000 - 0x00007ff948b7e000 	C:\Program Files\Microsoft Office\root\Office16\GROOVEEX.DLL
0x00007ff95b030000 - 0x00007ff95b046000 	C:\Windows\SYSTEM32\VCRUNTIME140.dll
0x00007ff959b70000 - 0x00007ff959c0c000 	C:\Windows\SYSTEM32\MSVCP140.dll
0x00007ff9578d0000 - 0x00007ff957cb4000 	C:\Windows\SYSTEM32\msi.dll
0x0000000029c50000 - 0x000000002a4de000 	C:\Program Files\Microsoft Office\root\Office16\3082\GrooveIntlResource.dll
0x00007ff95a680000 - 0x00007ff95a68c000 	C:\Windows\SYSTEM32\Secur32.dll
0x00007ff96ae10000 - 0x00007ff96ae40000 	C:\Windows\SYSTEM32\SSPICLI.DLL
0x00007ff95ae10000 - 0x00007ff95afb9000 	C:\Windows\SYSTEM32\dbghelp.dll

VM Arguments:
jvm_args: -Dfile.encoding=Cp1252 
java_command: download.MainWindow
java_class_path (initial): D:\Documentos\GitHub\ez-music\java\ez-music\bin;D:\Documentos\GitHub\ez-music\java\ez-music\commons-io-2.5.jar;D:\Documentos\GitHub\ez-music\java\ez-music\java-json.jar;D:\Documentos\GitHub\ez-music\java\ez-music\javax.json-api-1.0.jar;D:\Documentos\GitHub\ez-music\java\ez-music\gdata-core-1.0.jar;D:\Documentos\GitHub\ez-music\java\ez-music\gdata-client-1.0.jar;D:\Documentos\GitHub\ez-music\java\ez-music\gdata-media-1.0.jar;D:\Documentos\GitHub\ez-music\java\ez-music\gdata-youtube-2.0.jar;D:\Documentos\GitHub\ez-music\java\ez-music\mail.jar;D:\Documentos\GitHub\ez-music\java\ez-music\guava-21.0.jar
Launcher Type: SUN_STANDARD

Environment Variables:
PATH=E:/Program Files/Java/jre1.8.0_121/bin/server;E:/Program Files/Java/jre1.8.0_121/bin;E:/Program Files/Java/jre1.8.0_121/lib/amd64;C:\Python27\Lib\site-packages\PyQt4;C:\ProgramData\Oracle\Java\javapath;C:\Windows\system32;C:\Windows;C:\Windows\System32\Wbem;C:\Windows\System32\WindowsPowerShell\v1.0\;C:\Program Files (x86)\NVIDIA Corporation\PhysX\Common;E:\Program Files (x86)\WinSCP\;E:\Program Files\PuTTY\;E:\Program Files (x86)\Minimal ADB and Fastboot;E:\Program Files\FileBot\;C:\Program Files\Calibre2\;C:\Program Files\Git\cmd;C:\Program Files (x86)\GtkSharp\2.12\bin;C:\Python27;C:\Python27\Scripts;D:\Escritorio\ffmpeg-20170404-1229007-win64-static\bin;C:\Program Files (x86)\Skype\Phone\;C:\Users\jotaj\AppData\Local\Microsoft\WindowsApps;C:\Users\jotaj\AppData\Local\atom\bin;C:\Python27;C:\Python27\Scripts;;C:\Windows\System32;
USERNAME=jotaj
OS=Windows_NT
PROCESSOR_IDENTIFIER=Intel64 Family 6 Model 60 Stepping 3, GenuineIntel



---------------  S Y S T E M  ---------------

OS: Windows 10.0 , 64 bit Build 15063 (10.0.15063.0)

CPU:total 8 (4 cores per cpu, 2 threads per core) family 6 model 60 stepping 3, cmov, cx8, fxsr, mmx, sse, sse2, sse3, ssse3, sse4.1, sse4.2, popcnt, avx, avx2, aes, clmul, erms, lzcnt, ht, tsc, tscinvbit, bmi1, bmi2

Memory: 4k page, physical 16662268k(9508368k free), swap 19152636k(8784532k free)

vm_info: Java HotSpot(TM) 64-Bit Server VM (25.121-b13) for windows-amd64 JRE (1.8.0_121-b13), built on Dec 12 2016 18:21:36 by "java_re" with MS VC++ 10.0 (VS2010)

time: Tue May 02 23:54:56 2017
elapsed time: 3 seconds (0d 0h 0m 3s)

